<?xml version="1.0" encoding="UTF-8"?>
<!-- Generated by org.testng.reporters.JUnitReportReporter -->
<testsuite hostname="DESKTOP-V2CRMJS" name="test.com.LoginPageTest" tests="2" failures="0" timestamp="5 Mar 2019 14:38:02 GMT" time="0.007" errors="0">
  <testcase name="testPassword" time="0.007" classname="test.com.LoginPageTest"/>
  <testcase name="testUsername" time="0.000" classname="test.com.LoginPageTest"/>
</testsuite> <!-- test.com.LoginPageTest -->
